<?xml version="1.0" encoding="UTF-8"?>
<!-- Generated by org.testng.reporters.JUnitXMLReporter -->
<testsuite hostname="DESKTOP-KB5IODC" ignored="0" name="Command line test" tests="2" failures="0" timestamp="2023-06-09T21:34:48 IST" time="26.134" errors="0">
  <testcase name="@BeforeMethod LaunchBrowserAndlogin" time="26.066" classname="com.devstringx.utility.BaseClass">
    <failure type="org.openqa.selenium.SessionNotCreatedException" message="Could not start a new session. Possible causes are invalid address of the remote server or browser start-up failure. 
Host info: host: &amp;apos;DESKTOP-KB5IODC&amp;apos;, ip: &amp;apos;192.168.46.83&amp;apos;">
      <![CDATA[org.openqa.selenium.SessionNotCreatedException: Could not start a new session. Possible causes are invalid address of the remote server or browser start-up failure. 
Host info: host: 'DESKTOP-KB5IODC', ip: '192.168.46.83'
at org.openqa.selenium.remote.RemoteWebDriver.execute(RemoteWebDriver.java:561)
at org.openqa.selenium.remote.RemoteWebDriver.startSession(RemoteWebDriver.java:229)
at org.openqa.selenium.remote.RemoteWebDriver.<init>(RemoteWebDriver.java:157)
at org.openqa.selenium.chromium.ChromiumDriver.<init>(ChromiumDriver.java:101)
at org.openqa.selenium.chrome.ChromeDriver.<init>(ChromeDriver.java:88)
at org.openqa.selenium.chrome.ChromeDriver.<init>(ChromeDriver.java:84)
at org.openqa.selenium.chrome.ChromeDriver.<init>(ChromeDriver.java:52)
at com.devstringx.utility.Utility.launchBrowser(Utility.java:303)
at com.devstringx.utility.BaseClass.LaunchBrowserAndlogin(BaseClass.java:30)
at java.util.ArrayList.forEach(ArrayList.java:1257)
Caused by: org.openqa.selenium.WebDriverException: Timed out waiting for driver process to start.
Build info: version: '4.9.1', revision: 'eb2032df7f'
System info: os.name: 'Windows 10', os.arch: 'amd64', os.version: '10.0', java.version: '1.8.0_202'
Driver info: driver.version: ChromeDriver
at org.openqa.selenium.remote.service.DriverService.start(DriverService.java:216)
at org.openqa.selenium.remote.service.DriverCommandExecutor.execute(DriverCommandExecutor.java:114)
at org.openqa.selenium.remote.RemoteWebDriver.execute(RemoteWebDriver.java:543)
... 49 more
... Removed 40 stack frames]]>
    </failure>
  </testcase> <!-- @BeforeMethod LaunchBrowserAndlogin -->
  <testcase name="@AfterMethod logOut" time="-1.686326688039E9" classname="com.devstringx.utility.BaseClass">
    <skipped/>
  </testcase> <!-- @AfterMethod logOut -->
  <testcase name="@BeforeMethod LaunchBrowserAndlogin" time="-1.686326688043E9" classname="com.devstringx.utility.BaseClass">
    <skipped/>
  </testcase> <!-- @BeforeMethod LaunchBrowserAndlogin -->
  <testcase name="@AfterMethod logOut" time="-1.686326688044E9" classname="com.devstringx.utility.BaseClass">
    <skipped/>
  </testcase> <!-- @AfterMethod logOut -->
  <testcase name="verifyInviteUserTestCase" time="0.0" classname="runner.TestCases">
    <skipped/>
  </testcase> <!-- verifyInviteUserTestCase -->
  <testcase name="verifyInvitedUsersIsInTheListTestCase" time="0.0" classname="runner.TestCases">
    <skipped/>
  </testcase> <!-- verifyInvitedUsersIsInTheListTestCase -->
</testsuite> <!-- Command line test -->
